<?xml version="1.0" encoding="UTF-8"?>
<!-- Generated by org.testng.reporters.JUnitXMLReporter -->
<testsuite ignored="0" hostname="DESKTOP-PRI1S77" failures="1" tests="2" name="Test" time="0.978" errors="0" timestamp="2021-02-08T14:13:00 IST">
  <testcase classname="com.naukri.testcases.BasePage" name="@BeforeMethod setUp" time="0.054">
    <failure type="java.lang.IllegalStateException" message="The driver executable does not exist: D:\cucumberWorkPLace\com.naukri\.\drivers\chromedriver1.exe">
      <![CDATA[java.lang.IllegalStateException: The driver executable does not exist: D:\cucumberWorkPLace\com.naukri\.\drivers\chromedriver1.exe
at com.google.common.base.Preconditions.checkState(Preconditions.java:585)
at org.openqa.selenium.remote.service.DriverService.checkExecutable(DriverService.java:146)
at org.openqa.selenium.remote.service.DriverService.findExecutable(DriverService.java:141)
at org.openqa.selenium.chrome.ChromeDriverService.access$000(ChromeDriverService.java:35)
at org.openqa.selenium.chrome.ChromeDriverService$Builder.findDefaultExecutable(ChromeDriverService.java:159)
at org.openqa.selenium.remote.service.DriverService$Builder.build(DriverService.java:355)
at org.openqa.selenium.chrome.ChromeDriverService.createDefaultService(ChromeDriverService.java:94)
at org.openqa.selenium.chrome.ChromeDriver.<init>(ChromeDriver.java:123)
at com.naukri.Driver.Driver.initDriver(Driver.java:27)
at com.naukri.testcases.BasePage.setUp(BasePage.java:20)
at java.base/java.util.concurrent.FutureTask.run(FutureTask.java:264)
at java.base/java.util.concurrent.Executors$RunnableAdapter.call(Executors.java:515)
at java.base/java.util.concurrent.FutureTask.run(FutureTask.java:264)
at java.base/java.util.concurrent.ThreadPoolExecutor.runWorker(ThreadPoolExecutor.java:1128)
at java.base/java.util.concurrent.ThreadPoolExecutor$Worker.run(ThreadPoolExecutor.java:628)
at java.base/java.lang.Thread.run(Thread.java:830)
... Removed 13 stack frames]]>
    </failure>
  </testcase> <!-- @BeforeMethod setUp -->
  <testcase classname="com.naukri.testcases.loginpagetest" name="loginWithChrome" time="0.0">
    <skipped/>
  </testcase> <!-- loginWithChrome -->
  <testcase classname="com.naukri.testcases.loginpagetest" name="loginWithChrome" time="0.942">
    <failure type="org.testng.TestNGException" message="java.util.concurrent.ExecutionException: java.lang.NullPointerException">
      <![CDATA[org.testng.TestNGException: java.util.concurrent.ExecutionException: java.lang.NullPointerException
at java.base/java.util.ArrayList.forEach(ArrayList.java:1507)
Caused by: java.util.concurrent.ExecutionException: java.lang.NullPointerException
at java.base/java.util.concurrent.FutureTask.report(FutureTask.java:122)
at java.base/java.util.concurrent.FutureTask.get(FutureTask.java:191)
... 21 more
Caused by: java.lang.NullPointerException
at com.naukri.extentreport.ExtentLogger.getBase64Image(ExtentLogger.java:74)
at com.naukri.extentreport.ExtentLogger.skip(ExtentLogger.java:62)
at com.naukri.listeners.naukrilisteners.onTestSkipped(naukrilisteners.java:50)
at java.base/java.util.concurrent.FutureTask.run(FutureTask.java:264)
at java.base/java.util.concurrent.Executors$RunnableAdapter.call(Executors.java:515)
at java.base/java.util.concurrent.FutureTask.run(FutureTask.java:264)
at java.base/java.util.concurrent.ThreadPoolExecutor.runWorker(ThreadPoolExecutor.java:1128)
at java.base/java.util.concurrent.ThreadPoolExecutor$Worker.run(ThreadPoolExecutor.java:628)
at java.base/java.lang.Thread.run(Thread.java:830)
... Removed 29 stack frames]]>
    </failure>
  </testcase> <!-- loginWithChrome -->
</testsuite> <!-- Test -->
